[35m[1mScanning dependencies of target listener[0m
[ 33%] [32mBuilding CXX object CMakeFiles/listener.dir/src/subscriber_member_function.cpp.o[0m
[ 66%] [32m[1mLinking CXX executable listener[0m
[100%] Built target listener
-- Install configuration: ""
-- Installing: /home/ubuntu/HardwareAansturing/ros2/install/rpi_serial/lib/rpi_serial/listener
-- Set runtime path of "/home/ubuntu/HardwareAansturing/ros2/install/rpi_serial/lib/rpi_serial/listener" to ""
-- Up-to-date: /home/ubuntu/HardwareAansturing/ros2/install/rpi_serial/share/ament_index/resource_index/package_run_dependencies/rpi_serial
-- Up-to-date: /home/ubuntu/HardwareAansturing/ros2/install/rpi_serial/share/ament_index/resource_index/parent_prefix_path/rpi_serial
-- Up-to-date: /home/ubuntu/HardwareAansturing/ros2/install/rpi_serial/share/rpi_serial/environment/ament_prefix_path.sh
-- Up-to-date: /home/ubuntu/HardwareAansturing/ros2/install/rpi_serial/share/rpi_serial/environment/ament_prefix_path.dsv
-- Up-to-date: /home/ubuntu/HardwareAansturing/ros2/install/rpi_serial/share/rpi_serial/environment/path.sh
-- Up-to-date: /home/ubuntu/HardwareAansturing/ros2/install/rpi_serial/share/rpi_serial/environment/path.dsv
-- Up-to-date: /home/ubuntu/HardwareAansturing/ros2/install/rpi_serial/share/rpi_serial/local_setup.bash
-- Up-to-date: /home/ubuntu/HardwareAansturing/ros2/install/rpi_serial/share/rpi_serial/local_setup.sh
-- Up-to-date: /home/ubuntu/HardwareAansturing/ros2/install/rpi_serial/share/rpi_serial/local_setup.zsh
-- Up-to-date: /home/ubuntu/HardwareAansturing/ros2/install/rpi_serial/share/rpi_serial/local_setup.dsv
-- Installing: /home/ubuntu/HardwareAansturing/ros2/install/rpi_serial/share/rpi_serial/package.dsv
-- Up-to-date: /home/ubuntu/HardwareAansturing/ros2/install/rpi_serial/share/ament_index/resource_index/packages/rpi_serial
-- Up-to-date: /home/ubuntu/HardwareAansturing/ros2/install/rpi_serial/share/rpi_serial/cmake/rpi_serialConfig.cmake
-- Up-to-date: /home/ubuntu/HardwareAansturing/ros2/install/rpi_serial/share/rpi_serial/cmake/rpi_serialConfig-version.cmake
-- Up-to-date: /home/ubuntu/HardwareAansturing/ros2/install/rpi_serial/share/rpi_serial/package.xml
