[0.090s] Invoking command in '/home/ubuntu/HardwareAansturing/ros2/build/rpi_serial': /usr/bin/cmake --build /home/ubuntu/HardwareAansturing/ros2/build/rpi_serial -- -j4 -l4
[0.284s] [35m[1mScanning dependencies of target listener[0m
[0.433s] [ 33%] [32mBuilding CXX object CMakeFiles/listener.dir/src/subscriber_member_function.cpp.o[0m
[21.702s] [ 66%] [32m[1mLinking CXX executable listener[0m
[22.731s] [100%] Built target listener
[22.772s] Invoked command in '/home/ubuntu/HardwareAansturing/ros2/build/rpi_serial' returned '0': /usr/bin/cmake --build /home/ubuntu/HardwareAansturing/ros2/build/rpi_serial -- -j4 -l4
[22.946s] Invoking command in '/home/ubuntu/HardwareAansturing/ros2/build/rpi_serial': /usr/bin/cmake --install /home/ubuntu/HardwareAansturing/ros2/build/rpi_serial
[22.979s] -- Install configuration: ""
[22.980s] -- Installing: /home/ubuntu/HardwareAansturing/ros2/install/rpi_serial/lib/rpi_serial/listener
[22.995s] -- Set runtime path of "/home/ubuntu/HardwareAansturing/ros2/install/rpi_serial/lib/rpi_serial/listener" to ""
[22.995s] -- Up-to-date: /home/ubuntu/HardwareAansturing/ros2/install/rpi_serial/share/ament_index/resource_index/package_run_dependencies/rpi_serial
[22.996s] -- Up-to-date: /home/ubuntu/HardwareAansturing/ros2/install/rpi_serial/share/ament_index/resource_index/parent_prefix_path/rpi_serial
[22.996s] -- Up-to-date: /home/ubuntu/HardwareAansturing/ros2/install/rpi_serial/share/rpi_serial/environment/ament_prefix_path.sh
[22.996s] -- Up-to-date: /home/ubuntu/HardwareAansturing/ros2/install/rpi_serial/share/rpi_serial/environment/ament_prefix_path.dsv
[22.997s] -- Up-to-date: /home/ubuntu/HardwareAansturing/ros2/install/rpi_serial/share/rpi_serial/environment/path.sh
[22.997s] -- Up-to-date: /home/ubuntu/HardwareAansturing/ros2/install/rpi_serial/share/rpi_serial/environment/path.dsv
[22.998s] -- Up-to-date: /home/ubuntu/HardwareAansturing/ros2/install/rpi_serial/share/rpi_serial/local_setup.bash
[22.998s] -- Up-to-date: /home/ubuntu/HardwareAansturing/ros2/install/rpi_serial/share/rpi_serial/local_setup.sh
[22.998s] -- Up-to-date: /home/ubuntu/HardwareAansturing/ros2/install/rpi_serial/share/rpi_serial/local_setup.zsh
[22.999s] -- Up-to-date: /home/ubuntu/HardwareAansturing/ros2/install/rpi_serial/share/rpi_serial/local_setup.dsv
[22.999s] -- Installing: /home/ubuntu/HardwareAansturing/ros2/install/rpi_serial/share/rpi_serial/package.dsv
[23.000s] -- Up-to-date: /home/ubuntu/HardwareAansturing/ros2/install/rpi_serial/share/ament_index/resource_index/packages/rpi_serial
[23.001s] -- Up-to-date: /home/ubuntu/HardwareAansturing/ros2/install/rpi_serial/share/rpi_serial/cmake/rpi_serialConfig.cmake
[23.001s] -- Up-to-date: /home/ubuntu/HardwareAansturing/ros2/install/rpi_serial/share/rpi_serial/cmake/rpi_serialConfig-version.cmake
[23.002s] -- Up-to-date: /home/ubuntu/HardwareAansturing/ros2/install/rpi_serial/share/rpi_serial/package.xml
[23.008s] Invoked command in '/home/ubuntu/HardwareAansturing/ros2/build/rpi_serial' returned '0': /usr/bin/cmake --install /home/ubuntu/HardwareAansturing/ros2/build/rpi_serial
