[0.597s] DEBUG:colcon:Command line arguments: ['/usr/bin/colcon', 'build', '--packages-select', 'rpi_serial']
[0.598s] DEBUG:colcon:Parsed command line arguments: Namespace(allow_overriding=[], ament_cmake_args=None, base_paths=['.'], build_base='build', catkin_cmake_args=None, catkin_skip_building_tests=False, cmake_args=None, cmake_clean_cache=False, cmake_clean_first=False, cmake_force_configure=False, cmake_target=None, cmake_target_skip_unavailable=False, continue_on_error=False, event_handlers=None, executor='parallel', ignore_user_meta=False, install_base='install', log_base=None, log_level=None, main=<bound method BuildVerb.main of <colcon_core.verb.build.BuildVerb object at 0xffff87ca7b20>>, merge_install=False, metas=['./colcon.meta'], packages_above=None, packages_above_and_dependencies=None, packages_above_depth=None, packages_end=None, packages_ignore=None, packages_ignore_regex=None, packages_select=['rpi_serial'], packages_select_build_failed=False, packages_select_by_dep=None, packages_select_regex=None, packages_select_test_failures=False, packages_skip=None, packages_skip_build_finished=False, packages_skip_by_dep=None, packages_skip_regex=None, packages_skip_test_passed=False, packages_skip_up_to=None, packages_start=None, packages_up_to=None, packages_up_to_regex=None, parallel_workers=4, paths=None, symlink_install=False, test_result_base=None, verb_extension=<colcon_core.verb.build.BuildVerb object at 0xffff87ca7b20>, verb_name='build', verb_parser=<colcon_defaults.argument_parser.defaults.DefaultArgumentsDecorator object at 0xffff87cb10d0>)
[0.617s] Level 1:colcon.colcon_core.package_discovery:discover_packages(colcon_meta) check parameters
[0.617s] Level 1:colcon.colcon_core.package_discovery:discover_packages(recursive) check parameters
[0.618s] Level 1:colcon.colcon_core.package_discovery:discover_packages(ignore) check parameters
[0.618s] Level 1:colcon.colcon_core.package_discovery:discover_packages(path) check parameters
[0.618s] Level 1:colcon.colcon_core.package_discovery:discover_packages(colcon_meta) discover
[0.618s] Level 1:colcon.colcon_core.package_discovery:discover_packages(recursive) discover
[0.618s] INFO:colcon.colcon_core.package_discovery:Crawling recursively for packages in '/home/ubuntu/HardwareAansturing/ros2'
[0.619s] Level 1:colcon.colcon_core.package_identification:_identify(.) by extensions ['ignore', 'ignore_ament_install']
[0.619s] Level 1:colcon.colcon_core.package_identification:_identify(.) by extension 'ignore'
[0.619s] Level 1:colcon.colcon_core.package_identification:_identify(.) by extension 'ignore_ament_install'
[0.620s] Level 1:colcon.colcon_core.package_identification:_identify(.) by extensions ['colcon_pkg']
[0.620s] Level 1:colcon.colcon_core.package_identification:_identify(.) by extension 'colcon_pkg'
[0.620s] Level 1:colcon.colcon_core.package_identification:_identify(.) by extensions ['colcon_meta']
[0.620s] Level 1:colcon.colcon_core.package_identification:_identify(.) by extension 'colcon_meta'
[0.620s] Level 1:colcon.colcon_core.package_identification:_identify(.) by extensions ['ros']
[0.620s] Level 1:colcon.colcon_core.package_identification:_identify(.) by extension 'ros'
[0.668s] Level 1:colcon.colcon_core.package_identification:_identify(.) by extensions ['cmake', 'python']
[0.669s] Level 1:colcon.colcon_core.package_identification:_identify(.) by extension 'cmake'
[0.669s] Level 1:colcon.colcon_core.package_identification:_identify(.) by extension 'python'
[0.669s] Level 1:colcon.colcon_core.package_identification:_identify(.) by extensions ['python_setup_py']
[0.669s] Level 1:colcon.colcon_core.package_identification:_identify(.) by extension 'python_setup_py'
[0.670s] Level 1:colcon.colcon_core.package_identification:_identify(build) by extensions ['ignore', 'ignore_ament_install']
[0.670s] Level 1:colcon.colcon_core.package_identification:_identify(build) by extension 'ignore'
[0.670s] Level 1:colcon.colcon_core.package_identification:_identify(build) ignored
[0.671s] Level 1:colcon.colcon_core.package_identification:_identify(install) by extensions ['ignore', 'ignore_ament_install']
[0.671s] Level 1:colcon.colcon_core.package_identification:_identify(install) by extension 'ignore'
[0.671s] Level 1:colcon.colcon_core.package_identification:_identify(install) ignored
[0.672s] Level 1:colcon.colcon_core.package_identification:_identify(log) by extensions ['ignore', 'ignore_ament_install']
[0.672s] Level 1:colcon.colcon_core.package_identification:_identify(log) by extension 'ignore'
[0.672s] Level 1:colcon.colcon_core.package_identification:_identify(log) ignored
[0.673s] Level 1:colcon.colcon_core.package_identification:_identify(rpi_serial) by extensions ['ignore', 'ignore_ament_install']
[0.673s] Level 1:colcon.colcon_core.package_identification:_identify(rpi_serial) by extension 'ignore'
[0.673s] Level 1:colcon.colcon_core.package_identification:_identify(rpi_serial) by extension 'ignore_ament_install'
[0.673s] Level 1:colcon.colcon_core.package_identification:_identify(rpi_serial) by extensions ['colcon_pkg']
[0.673s] Level 1:colcon.colcon_core.package_identification:_identify(rpi_serial) by extension 'colcon_pkg'
[0.674s] Level 1:colcon.colcon_core.package_identification:_identify(rpi_serial) by extensions ['colcon_meta']
[0.674s] Level 1:colcon.colcon_core.package_identification:_identify(rpi_serial) by extension 'colcon_meta'
[0.674s] Level 1:colcon.colcon_core.package_identification:_identify(rpi_serial) by extensions ['ros']
[0.674s] Level 1:colcon.colcon_core.package_identification:_identify(rpi_serial) by extension 'ros'
[0.682s] DEBUG:colcon.colcon_core.package_identification:Package 'rpi_serial' with type 'ros.ament_cmake' and name 'rpi_serial'
[0.682s] Level 1:colcon.colcon_core.package_discovery:discover_packages(recursive) using defaults
[0.682s] Level 1:colcon.colcon_core.package_discovery:discover_packages(ignore) discover
[0.683s] Level 1:colcon.colcon_core.package_discovery:discover_packages(ignore) using defaults
[0.683s] Level 1:colcon.colcon_core.package_discovery:discover_packages(path) discover
[0.683s] Level 1:colcon.colcon_core.package_discovery:discover_packages(path) using defaults
[0.754s] Level 5:colcon.colcon_core.verb:set package 'rpi_serial' build argument 'cmake_args' from command line to 'None'
[0.754s] Level 5:colcon.colcon_core.verb:set package 'rpi_serial' build argument 'cmake_target' from command line to 'None'
[0.755s] Level 5:colcon.colcon_core.verb:set package 'rpi_serial' build argument 'cmake_target_skip_unavailable' from command line to 'False'
[0.755s] Level 5:colcon.colcon_core.verb:set package 'rpi_serial' build argument 'cmake_clean_cache' from command line to 'False'
[0.755s] Level 5:colcon.colcon_core.verb:set package 'rpi_serial' build argument 'cmake_clean_first' from command line to 'False'
[0.755s] Level 5:colcon.colcon_core.verb:set package 'rpi_serial' build argument 'cmake_force_configure' from command line to 'False'
[0.755s] Level 5:colcon.colcon_core.verb:set package 'rpi_serial' build argument 'ament_cmake_args' from command line to 'None'
[0.755s] Level 5:colcon.colcon_core.verb:set package 'rpi_serial' build argument 'catkin_cmake_args' from command line to 'None'
[0.755s] Level 5:colcon.colcon_core.verb:set package 'rpi_serial' build argument 'catkin_skip_building_tests' from command line to 'False'
[0.755s] DEBUG:colcon.colcon_core.verb:Building package 'rpi_serial' with the following arguments: {'ament_cmake_args': None, 'build_base': '/home/ubuntu/HardwareAansturing/ros2/build/rpi_serial', 'catkin_cmake_args': None, 'catkin_skip_building_tests': False, 'cmake_args': None, 'cmake_clean_cache': False, 'cmake_clean_first': False, 'cmake_force_configure': False, 'cmake_target': None, 'cmake_target_skip_unavailable': False, 'install_base': '/home/ubuntu/HardwareAansturing/ros2/install/rpi_serial', 'merge_install': False, 'path': '/home/ubuntu/HardwareAansturing/ros2/rpi_serial', 'symlink_install': False, 'test_result_base': None}
[0.806s] INFO:colcon.colcon_core.executor:Executing jobs using 'parallel' executor
[0.813s] DEBUG:colcon.colcon_parallel_executor.executor.parallel:run_until_complete
[0.815s] INFO:colcon.colcon_ros.task.ament_cmake.build:Building ROS package in '/home/ubuntu/HardwareAansturing/ros2/rpi_serial' with build type 'ament_cmake'
[0.815s] INFO:colcon.colcon_cmake.task.cmake.build:Building CMake package in '/home/ubuntu/HardwareAansturing/ros2/rpi_serial'
[0.829s] INFO:colcon.colcon_core.plugin_system:Skipping extension 'colcon_core.shell.bat': Not used on non-Windows systems
[0.830s] INFO:colcon.colcon_core.shell:Skip shell extension 'powershell' for command environment: Not usable outside of PowerShell
[0.830s] DEBUG:colcon.colcon_core.shell:Skip shell extension 'dsv' for command environment
[0.901s] DEBUG:colcon.colcon_core.event_handler.log_command:Invoking command in '/home/ubuntu/HardwareAansturing/ros2/build/rpi_serial': /usr/bin/cmake /home/ubuntu/HardwareAansturing/ros2/rpi_serial -DCMAKE_INSTALL_PREFIX=/home/ubuntu/HardwareAansturing/ros2/install/rpi_serial
[6.071s] DEBUG:colcon.colcon_core.event_handler.log_command:Invoked command in '/home/ubuntu/HardwareAansturing/ros2/build/rpi_serial' returned '0': /usr/bin/cmake /home/ubuntu/HardwareAansturing/ros2/rpi_serial -DCMAKE_INSTALL_PREFIX=/home/ubuntu/HardwareAansturing/ros2/install/rpi_serial
[6.083s] DEBUG:colcon.colcon_core.event_handler.log_command:Invoking command in '/home/ubuntu/HardwareAansturing/ros2/build/rpi_serial': /usr/bin/cmake --build /home/ubuntu/HardwareAansturing/ros2/build/rpi_serial -- -j4 -l4
[29.562s] DEBUG:colcon.colcon_core.event_handler.log_command:Invoked command in '/home/ubuntu/HardwareAansturing/ros2/build/rpi_serial' returned '0': /usr/bin/cmake --build /home/ubuntu/HardwareAansturing/ros2/build/rpi_serial -- -j4 -l4
[29.723s] DEBUG:colcon.colcon_core.event_handler.log_command:Invoking command in '/home/ubuntu/HardwareAansturing/ros2/build/rpi_serial': /usr/bin/cmake --install /home/ubuntu/HardwareAansturing/ros2/build/rpi_serial
[29.791s] Level 1:colcon.colcon_core.environment:create_environment_scripts_only(rpi_serial)
[29.793s] DEBUG:colcon.colcon_core.event_handler.log_command:Invoked command in '/home/ubuntu/HardwareAansturing/ros2/build/rpi_serial' returned '0': /usr/bin/cmake --install /home/ubuntu/HardwareAansturing/ros2/build/rpi_serial
[29.808s] Level 1:colcon.colcon_core.environment:checking '/home/ubuntu/HardwareAansturing/ros2/install/rpi_serial' for CMake module files
[29.811s] Level 1:colcon.colcon_core.environment:checking '/home/ubuntu/HardwareAansturing/ros2/install/rpi_serial' for CMake config files
[29.813s] Level 1:colcon.colcon_core.shell:create_environment_hook('rpi_serial', 'cmake_prefix_path')
[29.815s] INFO:colcon.colcon_core.shell:Creating environment hook '/home/ubuntu/HardwareAansturing/ros2/install/rpi_serial/share/rpi_serial/hook/cmake_prefix_path.ps1'
[29.819s] INFO:colcon.colcon_core.shell:Creating environment descriptor '/home/ubuntu/HardwareAansturing/ros2/install/rpi_serial/share/rpi_serial/hook/cmake_prefix_path.dsv'
[29.821s] INFO:colcon.colcon_core.shell:Creating environment hook '/home/ubuntu/HardwareAansturing/ros2/install/rpi_serial/share/rpi_serial/hook/cmake_prefix_path.sh'
[29.825s] Level 1:colcon.colcon_core.environment:checking '/home/ubuntu/HardwareAansturing/ros2/install/rpi_serial/lib'
[29.826s] Level 1:colcon.colcon_core.environment:checking '/home/ubuntu/HardwareAansturing/ros2/install/rpi_serial/bin'
[29.826s] Level 1:colcon.colcon_core.environment:checking '/home/ubuntu/HardwareAansturing/ros2/install/rpi_serial/lib/pkgconfig/rpi_serial.pc'
[29.827s] Level 1:colcon.colcon_core.environment:checking '/home/ubuntu/HardwareAansturing/ros2/install/rpi_serial/lib/python3.8/site-packages'
[29.829s] INFO:colcon.colcon_core.shell:Creating package script '/home/ubuntu/HardwareAansturing/ros2/install/rpi_serial/share/rpi_serial/package.ps1'
[29.832s] INFO:colcon.colcon_core.shell:Creating package descriptor '/home/ubuntu/HardwareAansturing/ros2/install/rpi_serial/share/rpi_serial/package.dsv'
[29.835s] INFO:colcon.colcon_core.shell:Creating package script '/home/ubuntu/HardwareAansturing/ros2/install/rpi_serial/share/rpi_serial/package.sh'
[29.838s] INFO:colcon.colcon_core.shell:Creating package script '/home/ubuntu/HardwareAansturing/ros2/install/rpi_serial/share/rpi_serial/package.bash'
[29.841s] INFO:colcon.colcon_core.shell:Creating package script '/home/ubuntu/HardwareAansturing/ros2/install/rpi_serial/share/rpi_serial/package.zsh'
[29.844s] Level 1:colcon.colcon_core.environment:create_file_with_runtime_dependencies(/home/ubuntu/HardwareAansturing/ros2/install/rpi_serial/share/colcon-core/packages/rpi_serial)
[29.957s] Level 1:colcon.colcon_core.environment:create_environment_scripts_only(rpi_serial)
[29.962s] Level 1:colcon.colcon_core.environment:checking '/home/ubuntu/HardwareAansturing/ros2/install/rpi_serial' for CMake module files
[29.965s] Level 1:colcon.colcon_core.environment:checking '/home/ubuntu/HardwareAansturing/ros2/install/rpi_serial' for CMake config files
[29.967s] Level 1:colcon.colcon_core.shell:create_environment_hook('rpi_serial', 'cmake_prefix_path')
[29.969s] INFO:colcon.colcon_core.shell:Creating environment hook '/home/ubuntu/HardwareAansturing/ros2/install/rpi_serial/share/rpi_serial/hook/cmake_prefix_path.ps1'
[29.971s] INFO:colcon.colcon_core.shell:Creating environment descriptor '/home/ubuntu/HardwareAansturing/ros2/install/rpi_serial/share/rpi_serial/hook/cmake_prefix_path.dsv'
[29.973s] INFO:colcon.colcon_core.shell:Creating environment hook '/home/ubuntu/HardwareAansturing/ros2/install/rpi_serial/share/rpi_serial/hook/cmake_prefix_path.sh'
[29.975s] Level 1:colcon.colcon_core.environment:checking '/home/ubuntu/HardwareAansturing/ros2/install/rpi_serial/lib'
[29.976s] Level 1:colcon.colcon_core.environment:checking '/home/ubuntu/HardwareAansturing/ros2/install/rpi_serial/bin'
[29.976s] Level 1:colcon.colcon_core.environment:checking '/home/ubuntu/HardwareAansturing/ros2/install/rpi_serial/lib/pkgconfig/rpi_serial.pc'
[29.976s] Level 1:colcon.colcon_core.environment:checking '/home/ubuntu/HardwareAansturing/ros2/install/rpi_serial/lib/python3.8/site-packages'
[29.978s] INFO:colcon.colcon_core.shell:Creating package script '/home/ubuntu/HardwareAansturing/ros2/install/rpi_serial/share/rpi_serial/package.ps1'
[29.981s] INFO:colcon.colcon_core.shell:Creating package descriptor '/home/ubuntu/HardwareAansturing/ros2/install/rpi_serial/share/rpi_serial/package.dsv'
[29.983s] INFO:colcon.colcon_core.shell:Creating package script '/home/ubuntu/HardwareAansturing/ros2/install/rpi_serial/share/rpi_serial/package.sh'
[29.984s] INFO:colcon.colcon_core.shell:Creating package script '/home/ubuntu/HardwareAansturing/ros2/install/rpi_serial/share/rpi_serial/package.bash'
[29.986s] INFO:colcon.colcon_core.shell:Creating package script '/home/ubuntu/HardwareAansturing/ros2/install/rpi_serial/share/rpi_serial/package.zsh'
[29.988s] Level 1:colcon.colcon_core.environment:create_file_with_runtime_dependencies(/home/ubuntu/HardwareAansturing/ros2/install/rpi_serial/share/colcon-core/packages/rpi_serial)
[29.989s] DEBUG:colcon.colcon_parallel_executor.executor.parallel:closing loop
[29.990s] DEBUG:colcon.colcon_parallel_executor.executor.parallel:loop closed
[29.990s] DEBUG:colcon.colcon_parallel_executor.executor.parallel:run_until_complete finished with '0'
[29.991s] DEBUG:colcon.colcon_core.event_reactor:joining thread
[30.013s] INFO:colcon.colcon_core.plugin_system:Skipping extension 'colcon_notification.desktop_notification.notify_send': Could not find 'notify-send'
[30.013s] INFO:colcon.colcon_core.plugin_system:Skipping extension 'colcon_notification.desktop_notification.terminal_notifier': Not used on non-Darwin systems
[30.014s] INFO:colcon.colcon_core.plugin_system:Skipping extension 'colcon_notification.desktop_notification.win32': Not used on non-Windows systems
[30.014s] INFO:colcon.colcon_notification.desktop_notification:Sending desktop notification using 'notify2'
[30.017s] DEBUG:colcon.colcon_notification.desktop_notification.notify2:Failed to initialize notify2: org.freedesktop.DBus.Error.ServiceUnknown: The name org.freedesktop.Notifications was not provided by any .service files
[30.017s] DEBUG:colcon.colcon_core.event_reactor:joined thread
[30.019s] INFO:colcon.colcon_core.shell:Creating prefix script '/home/ubuntu/HardwareAansturing/ros2/install/local_setup.ps1'
[30.023s] INFO:colcon.colcon_core.shell:Creating prefix util module '/home/ubuntu/HardwareAansturing/ros2/install/_local_setup_util_ps1.py'
[30.028s] INFO:colcon.colcon_core.shell:Creating prefix chain script '/home/ubuntu/HardwareAansturing/ros2/install/setup.ps1'
[30.033s] INFO:colcon.colcon_core.shell:Creating prefix script '/home/ubuntu/HardwareAansturing/ros2/install/local_setup.sh'
[30.036s] INFO:colcon.colcon_core.shell:Creating prefix util module '/home/ubuntu/HardwareAansturing/ros2/install/_local_setup_util_sh.py'
[30.038s] INFO:colcon.colcon_core.shell:Creating prefix chain script '/home/ubuntu/HardwareAansturing/ros2/install/setup.sh'
[30.043s] INFO:colcon.colcon_core.shell:Creating prefix script '/home/ubuntu/HardwareAansturing/ros2/install/local_setup.bash'
[30.045s] INFO:colcon.colcon_core.shell:Creating prefix chain script '/home/ubuntu/HardwareAansturing/ros2/install/setup.bash'
[30.050s] INFO:colcon.colcon_core.shell:Creating prefix script '/home/ubuntu/HardwareAansturing/ros2/install/local_setup.zsh'
[30.052s] INFO:colcon.colcon_core.shell:Creating prefix chain script '/home/ubuntu/HardwareAansturing/ros2/install/setup.zsh'
