[0.860s] DEBUG:colcon:Command line arguments: ['/usr/bin/colcon', 'build', '--packages-select', 'rpi_serial']
[0.860s] DEBUG:colcon:Parsed command line arguments: Namespace(allow_overriding=[], ament_cmake_args=None, base_paths=['.'], build_base='build', catkin_cmake_args=None, catkin_skip_building_tests=False, cmake_args=None, cmake_clean_cache=False, cmake_clean_first=False, cmake_force_configure=False, cmake_target=None, cmake_target_skip_unavailable=False, continue_on_error=False, event_handlers=None, executor='parallel', ignore_user_meta=False, install_base='install', log_base=None, log_level=None, main=<bound method BuildVerb.main of <colcon_core.verb.build.BuildVerb object at 0xffff8da45a30>>, merge_install=False, metas=['./colcon.meta'], packages_above=None, packages_above_and_dependencies=None, packages_above_depth=None, packages_end=None, packages_ignore=None, packages_ignore_regex=None, packages_select=['rpi_serial'], packages_select_build_failed=False, packages_select_by_dep=None, packages_select_regex=None, packages_select_test_failures=False, packages_skip=None, packages_skip_build_finished=False, packages_skip_by_dep=None, packages_skip_regex=None, packages_skip_test_passed=False, packages_skip_up_to=None, packages_start=None, packages_up_to=None, packages_up_to_regex=None, parallel_workers=4, paths=None, symlink_install=False, test_result_base=None, verb_extension=<colcon_core.verb.build.BuildVerb object at 0xffff8da45a30>, verb_name='build', verb_parser=<colcon_defaults.argument_parser.defaults.DefaultArgumentsDecorator object at 0xffff8da45fa0>)
[0.897s] Level 1:colcon.colcon_core.package_discovery:discover_packages(colcon_meta) check parameters
[0.897s] Level 1:colcon.colcon_core.package_discovery:discover_packages(recursive) check parameters
[0.898s] Level 1:colcon.colcon_core.package_discovery:discover_packages(ignore) check parameters
[0.898s] Level 1:colcon.colcon_core.package_discovery:discover_packages(path) check parameters
[0.898s] Level 1:colcon.colcon_core.package_discovery:discover_packages(colcon_meta) discover
[0.898s] Level 1:colcon.colcon_core.package_discovery:discover_packages(recursive) discover
[0.898s] INFO:colcon.colcon_core.package_discovery:Crawling recursively for packages in '/home/ubuntu/HardwareAansturing/ros2'
[0.899s] Level 1:colcon.colcon_core.package_identification:_identify(.) by extensions ['ignore', 'ignore_ament_install']
[0.899s] Level 1:colcon.colcon_core.package_identification:_identify(.) by extension 'ignore'
[0.900s] Level 1:colcon.colcon_core.package_identification:_identify(.) by extension 'ignore_ament_install'
[0.900s] Level 1:colcon.colcon_core.package_identification:_identify(.) by extensions ['colcon_pkg']
[0.900s] Level 1:colcon.colcon_core.package_identification:_identify(.) by extension 'colcon_pkg'
[0.900s] Level 1:colcon.colcon_core.package_identification:_identify(.) by extensions ['colcon_meta']
[0.900s] Level 1:colcon.colcon_core.package_identification:_identify(.) by extension 'colcon_meta'
[0.901s] Level 1:colcon.colcon_core.package_identification:_identify(.) by extensions ['ros']
[0.901s] Level 1:colcon.colcon_core.package_identification:_identify(.) by extension 'ros'
[0.949s] Level 1:colcon.colcon_core.package_identification:_identify(.) by extensions ['cmake', 'python']
[0.950s] Level 1:colcon.colcon_core.package_identification:_identify(.) by extension 'cmake'
[0.950s] Level 1:colcon.colcon_core.package_identification:_identify(.) by extension 'python'
[0.950s] Level 1:colcon.colcon_core.package_identification:_identify(.) by extensions ['python_setup_py']
[0.950s] Level 1:colcon.colcon_core.package_identification:_identify(.) by extension 'python_setup_py'
[0.951s] Level 1:colcon.colcon_core.package_identification:_identify(build) by extensions ['ignore', 'ignore_ament_install']
[0.951s] Level 1:colcon.colcon_core.package_identification:_identify(build) by extension 'ignore'
[0.951s] Level 1:colcon.colcon_core.package_identification:_identify(build) ignored
[0.952s] Level 1:colcon.colcon_core.package_identification:_identify(install) by extensions ['ignore', 'ignore_ament_install']
[0.952s] Level 1:colcon.colcon_core.package_identification:_identify(install) by extension 'ignore'
[0.952s] Level 1:colcon.colcon_core.package_identification:_identify(install) ignored
[0.953s] Level 1:colcon.colcon_core.package_identification:_identify(log) by extensions ['ignore', 'ignore_ament_install']
[0.953s] Level 1:colcon.colcon_core.package_identification:_identify(log) by extension 'ignore'
[0.953s] Level 1:colcon.colcon_core.package_identification:_identify(log) ignored
[0.954s] Level 1:colcon.colcon_core.package_identification:_identify(rpi_serial) by extensions ['ignore', 'ignore_ament_install']
[0.954s] Level 1:colcon.colcon_core.package_identification:_identify(rpi_serial) by extension 'ignore'
[0.954s] Level 1:colcon.colcon_core.package_identification:_identify(rpi_serial) by extension 'ignore_ament_install'
[0.954s] Level 1:colcon.colcon_core.package_identification:_identify(rpi_serial) by extensions ['colcon_pkg']
[0.954s] Level 1:colcon.colcon_core.package_identification:_identify(rpi_serial) by extension 'colcon_pkg'
[0.955s] Level 1:colcon.colcon_core.package_identification:_identify(rpi_serial) by extensions ['colcon_meta']
[0.955s] Level 1:colcon.colcon_core.package_identification:_identify(rpi_serial) by extension 'colcon_meta'
[0.955s] Level 1:colcon.colcon_core.package_identification:_identify(rpi_serial) by extensions ['ros']
[0.955s] Level 1:colcon.colcon_core.package_identification:_identify(rpi_serial) by extension 'ros'
[0.966s] DEBUG:colcon.colcon_core.package_identification:Package 'rpi_serial' with type 'ros.ament_cmake' and name 'rpi_serial'
[0.966s] Level 1:colcon.colcon_core.package_discovery:discover_packages(recursive) using defaults
[0.966s] Level 1:colcon.colcon_core.package_discovery:discover_packages(ignore) discover
[0.967s] Level 1:colcon.colcon_core.package_discovery:discover_packages(ignore) using defaults
[0.967s] Level 1:colcon.colcon_core.package_discovery:discover_packages(path) discover
[0.967s] Level 1:colcon.colcon_core.package_discovery:discover_packages(path) using defaults
[1.061s] Level 5:colcon.colcon_core.verb:set package 'rpi_serial' build argument 'cmake_args' from command line to 'None'
[1.062s] Level 5:colcon.colcon_core.verb:set package 'rpi_serial' build argument 'cmake_target' from command line to 'None'
[1.062s] Level 5:colcon.colcon_core.verb:set package 'rpi_serial' build argument 'cmake_target_skip_unavailable' from command line to 'False'
[1.062s] Level 5:colcon.colcon_core.verb:set package 'rpi_serial' build argument 'cmake_clean_cache' from command line to 'False'
[1.062s] Level 5:colcon.colcon_core.verb:set package 'rpi_serial' build argument 'cmake_clean_first' from command line to 'False'
[1.062s] Level 5:colcon.colcon_core.verb:set package 'rpi_serial' build argument 'cmake_force_configure' from command line to 'False'
[1.062s] Level 5:colcon.colcon_core.verb:set package 'rpi_serial' build argument 'ament_cmake_args' from command line to 'None'
[1.062s] Level 5:colcon.colcon_core.verb:set package 'rpi_serial' build argument 'catkin_cmake_args' from command line to 'None'
[1.063s] Level 5:colcon.colcon_core.verb:set package 'rpi_serial' build argument 'catkin_skip_building_tests' from command line to 'False'
[1.063s] DEBUG:colcon.colcon_core.verb:Building package 'rpi_serial' with the following arguments: {'ament_cmake_args': None, 'build_base': '/home/ubuntu/HardwareAansturing/ros2/build/rpi_serial', 'catkin_cmake_args': None, 'catkin_skip_building_tests': False, 'cmake_args': None, 'cmake_clean_cache': False, 'cmake_clean_first': False, 'cmake_force_configure': False, 'cmake_target': None, 'cmake_target_skip_unavailable': False, 'install_base': '/home/ubuntu/HardwareAansturing/ros2/install/rpi_serial', 'merge_install': False, 'path': '/home/ubuntu/HardwareAansturing/ros2/rpi_serial', 'symlink_install': False, 'test_result_base': None}
[1.126s] INFO:colcon.colcon_core.executor:Executing jobs using 'parallel' executor
[1.133s] DEBUG:colcon.colcon_parallel_executor.executor.parallel:run_until_complete
[1.134s] INFO:colcon.colcon_ros.task.ament_cmake.build:Building ROS package in '/home/ubuntu/HardwareAansturing/ros2/rpi_serial' with build type 'ament_cmake'
[1.135s] INFO:colcon.colcon_cmake.task.cmake.build:Building CMake package in '/home/ubuntu/HardwareAansturing/ros2/rpi_serial'
[1.162s] INFO:colcon.colcon_core.plugin_system:Skipping extension 'colcon_core.shell.bat': Not used on non-Windows systems
[1.163s] INFO:colcon.colcon_core.shell:Skip shell extension 'powershell' for command environment: Not usable outside of PowerShell
[1.163s] DEBUG:colcon.colcon_core.shell:Skip shell extension 'dsv' for command environment
[1.234s] DEBUG:colcon.colcon_core.event_handler.log_command:Invoking command in '/home/ubuntu/HardwareAansturing/ros2/build/rpi_serial': /usr/bin/cmake /home/ubuntu/HardwareAansturing/ros2/rpi_serial -DCMAKE_INSTALL_PREFIX=/home/ubuntu/HardwareAansturing/ros2/install/rpi_serial
[8.096s] DEBUG:colcon.colcon_core.event_handler.log_command:Invoked command in '/home/ubuntu/HardwareAansturing/ros2/build/rpi_serial' returned '1': /usr/bin/cmake /home/ubuntu/HardwareAansturing/ros2/rpi_serial -DCMAKE_INSTALL_PREFIX=/home/ubuntu/HardwareAansturing/ros2/install/rpi_serial
[8.147s] Level 1:colcon.colcon_core.environment:create_environment_scripts_only(rpi_serial)
[8.182s] Level 1:colcon.colcon_core.environment:checking '/home/ubuntu/HardwareAansturing/ros2/install/rpi_serial' for CMake module files
[8.184s] Level 1:colcon.colcon_core.environment:checking '/home/ubuntu/HardwareAansturing/ros2/install/rpi_serial' for CMake config files
[8.186s] Level 1:colcon.colcon_core.environment:checking '/home/ubuntu/HardwareAansturing/ros2/install/rpi_serial/bin'
[8.186s] Level 1:colcon.colcon_core.environment:checking '/home/ubuntu/HardwareAansturing/ros2/install/rpi_serial/lib/pkgconfig/rpi_serial.pc'
[8.186s] Level 1:colcon.colcon_core.environment:checking '/home/ubuntu/HardwareAansturing/ros2/install/rpi_serial/lib/python3.8/site-packages'
[8.189s] INFO:colcon.colcon_core.shell:Creating package script '/home/ubuntu/HardwareAansturing/ros2/install/rpi_serial/share/rpi_serial/package.ps1'
[8.193s] INFO:colcon.colcon_core.shell:Creating package descriptor '/home/ubuntu/HardwareAansturing/ros2/install/rpi_serial/share/rpi_serial/package.dsv'
[8.196s] INFO:colcon.colcon_core.shell:Creating package script '/home/ubuntu/HardwareAansturing/ros2/install/rpi_serial/share/rpi_serial/package.sh'
[8.200s] INFO:colcon.colcon_core.shell:Creating package script '/home/ubuntu/HardwareAansturing/ros2/install/rpi_serial/share/rpi_serial/package.bash'
[8.204s] INFO:colcon.colcon_core.shell:Creating package script '/home/ubuntu/HardwareAansturing/ros2/install/rpi_serial/share/rpi_serial/package.zsh'
[8.208s] Level 1:colcon.colcon_core.environment:create_file_with_runtime_dependencies(/home/ubuntu/HardwareAansturing/ros2/install/rpi_serial/share/colcon-core/packages/rpi_serial)
[8.220s] DEBUG:colcon.colcon_parallel_executor.executor.parallel:closing loop
[8.221s] DEBUG:colcon.colcon_parallel_executor.executor.parallel:loop closed
[8.221s] DEBUG:colcon.colcon_parallel_executor.executor.parallel:run_until_complete finished with '1'
[8.222s] DEBUG:colcon.colcon_core.event_reactor:joining thread
[8.252s] INFO:colcon.colcon_core.plugin_system:Skipping extension 'colcon_notification.desktop_notification.notify_send': Could not find 'notify-send'
[8.252s] INFO:colcon.colcon_core.plugin_system:Skipping extension 'colcon_notification.desktop_notification.terminal_notifier': Not used on non-Darwin systems
[8.253s] INFO:colcon.colcon_core.plugin_system:Skipping extension 'colcon_notification.desktop_notification.win32': Not used on non-Windows systems
[8.253s] INFO:colcon.colcon_notification.desktop_notification:Sending desktop notification using 'notify2'
[8.299s] DEBUG:colcon.colcon_notification.desktop_notification.notify2:Failed to initialize notify2: org.freedesktop.DBus.Error.ServiceUnknown: The name org.freedesktop.Notifications was not provided by any .service files
[8.299s] DEBUG:colcon.colcon_core.event_reactor:joined thread
[8.302s] INFO:colcon.colcon_core.shell:Creating prefix script '/home/ubuntu/HardwareAansturing/ros2/install/local_setup.ps1'
[8.307s] INFO:colcon.colcon_core.shell:Creating prefix util module '/home/ubuntu/HardwareAansturing/ros2/install/_local_setup_util_ps1.py'
[8.314s] INFO:colcon.colcon_core.shell:Creating prefix chain script '/home/ubuntu/HardwareAansturing/ros2/install/setup.ps1'
[8.320s] INFO:colcon.colcon_core.shell:Creating prefix script '/home/ubuntu/HardwareAansturing/ros2/install/local_setup.sh'
[8.323s] INFO:colcon.colcon_core.shell:Creating prefix util module '/home/ubuntu/HardwareAansturing/ros2/install/_local_setup_util_sh.py'
[8.325s] INFO:colcon.colcon_core.shell:Creating prefix chain script '/home/ubuntu/HardwareAansturing/ros2/install/setup.sh'
[8.330s] INFO:colcon.colcon_core.shell:Creating prefix script '/home/ubuntu/HardwareAansturing/ros2/install/local_setup.bash'
[8.333s] INFO:colcon.colcon_core.shell:Creating prefix chain script '/home/ubuntu/HardwareAansturing/ros2/install/setup.bash'
[8.338s] INFO:colcon.colcon_core.shell:Creating prefix script '/home/ubuntu/HardwareAansturing/ros2/install/local_setup.zsh'
[8.341s] INFO:colcon.colcon_core.shell:Creating prefix chain script '/home/ubuntu/HardwareAansturing/ros2/install/setup.zsh'
