[0.053s] Invoking command in '/home/deltarobot/Infrastructuur-feature-working-nodes/src/Speech/ros2/build/speech_ros2': CMAKE_PREFIX_PATH=${CMAKE_PREFIX_PATH}:/home/deltarobot/Infrastructuur-feature-working-nodes/install/beeldverwerking:/opt/ros/foxy /usr/bin/cmake /home/deltarobot/Infrastructuur-feature-working-nodes/src/Speech/ros2/speech_ros2 -DCMAKE_INSTALL_PREFIX=/home/deltarobot/Infrastructuur-feature-working-nodes/src/Speech/ros2/install
[0.309s] -- The C compiler identification is GNU 9.4.0
[0.544s] -- The CXX compiler identification is GNU 9.4.0
[0.564s] -- Check for working C compiler: /usr/bin/cc
[0.860s] -- Check for working C compiler: /usr/bin/cc -- works
[0.864s] -- Detecting C compiler ABI info
[1.160s] -- Detecting C compiler ABI info - done
[1.200s] -- Detecting C compile features
[1.201s] -- Detecting C compile features - done
[1.212s] -- Check for working CXX compiler: /usr/bin/c++
[1.542s] -- Check for working CXX compiler: /usr/bin/c++ -- works
[1.547s] -- Detecting CXX compiler ABI info
[1.883s] -- Detecting CXX compiler ABI info - done
[1.925s] -- Detecting CXX compile features
[1.927s] -- Detecting CXX compile features - done
[1.950s] -- Found ament_cmake: 0.9.9 (/opt/ros/foxy/share/ament_cmake/cmake)
[2.076s] -- Found PythonInterp: /usr/bin/python3 (found suitable version "3.8.10", minimum required is "3") 
[2.076s] -- Using PYTHON_EXECUTABLE: /usr/bin/python3
[2.989s] -- Found rclcpp: 2.4.1 (/opt/ros/foxy/share/rclcpp/cmake)
[3.294s] -- Using all available rosidl_typesupport_c: rosidl_typesupport_fastrtps_c;rosidl_typesupport_introspection_c
[3.353s] -- Found rosidl_adapter: 1.2.1 (/opt/ros/foxy/share/rosidl_adapter/cmake)
[3.772s] -- Found OpenSSL: /usr/lib/aarch64-linux-gnu/libcrypto.so (found version "1.1.1f")  
[3.921s] -- Found FastRTPS: /opt/ros/foxy/include  
[4.358s] -- Using all available rosidl_typesupport_cpp: rosidl_typesupport_fastrtps_cpp;rosidl_typesupport_introspection_cpp
[4.654s] -- Found rmw_implementation_cmake: 1.0.3 (/opt/ros/foxy/share/rmw_implementation_cmake/cmake)
[4.661s] -- Using RMW implementation 'rmw_fastrtps_cpp' as default
[4.665s] -- Looking for pthread.h
[4.981s] -- Looking for pthread.h - found
[4.982s] -- Performing Test CMAKE_HAVE_LIBC_PTHREAD
[5.299s] -- Performing Test CMAKE_HAVE_LIBC_PTHREAD - Failed
[5.300s] -- Looking for pthread_create in pthreads
[5.556s] -- Looking for pthread_create in pthreads - not found
[5.556s] -- Looking for pthread_create in pthread
[5.861s] -- Looking for pthread_create in pthread - found
[5.866s] -- Found Threads: TRUE  
[6.823s] -- Configuring done
[6.854s] -- Generating done
[6.860s] -- Build files have been written to: /home/deltarobot/Infrastructuur-feature-working-nodes/src/Speech/ros2/build/speech_ros2
[6.876s] Invoked command in '/home/deltarobot/Infrastructuur-feature-working-nodes/src/Speech/ros2/build/speech_ros2' returned '0': CMAKE_PREFIX_PATH=${CMAKE_PREFIX_PATH}:/home/deltarobot/Infrastructuur-feature-working-nodes/install/beeldverwerking:/opt/ros/foxy /usr/bin/cmake /home/deltarobot/Infrastructuur-feature-working-nodes/src/Speech/ros2/speech_ros2 -DCMAKE_INSTALL_PREFIX=/home/deltarobot/Infrastructuur-feature-working-nodes/src/Speech/ros2/install
[6.887s] Invoking command in '/home/deltarobot/Infrastructuur-feature-working-nodes/src/Speech/ros2/build/speech_ros2': CMAKE_PREFIX_PATH=${CMAKE_PREFIX_PATH}:/home/deltarobot/Infrastructuur-feature-working-nodes/install/beeldverwerking:/opt/ros/foxy /usr/bin/cmake --build /home/deltarobot/Infrastructuur-feature-working-nodes/src/Speech/ros2/build/speech_ros2 -- -j4 -l4
[7.057s] [35m[1mScanning dependencies of target talker[0m
[7.231s] [ 50%] [32mBuilding CXX object CMakeFiles/talker.dir/src/publisher_member_function.cpp.o[0m
[27.207s] [100%] [32m[1mLinking CXX executable talker[0m
[27.918s] [100%] Built target talker
[27.958s] Invoked command in '/home/deltarobot/Infrastructuur-feature-working-nodes/src/Speech/ros2/build/speech_ros2' returned '0': CMAKE_PREFIX_PATH=${CMAKE_PREFIX_PATH}:/home/deltarobot/Infrastructuur-feature-working-nodes/install/beeldverwerking:/opt/ros/foxy /usr/bin/cmake --build /home/deltarobot/Infrastructuur-feature-working-nodes/src/Speech/ros2/build/speech_ros2 -- -j4 -l4
[28.123s] Invoking command in '/home/deltarobot/Infrastructuur-feature-working-nodes/src/Speech/ros2/build/speech_ros2': CMAKE_PREFIX_PATH=${CMAKE_PREFIX_PATH}:/home/deltarobot/Infrastructuur-feature-working-nodes/install/beeldverwerking:/opt/ros/foxy /usr/bin/cmake --install /home/deltarobot/Infrastructuur-feature-working-nodes/src/Speech/ros2/build/speech_ros2
[28.158s] -- Install configuration: ""
[28.159s] -- Installing: /home/deltarobot/Infrastructuur-feature-working-nodes/src/Speech/ros2/install/lib/speech_ros2/talker
[28.167s] -- Set runtime path of "/home/deltarobot/Infrastructuur-feature-working-nodes/src/Speech/ros2/install/lib/speech_ros2/talker" to ""
[28.168s] -- Installing: /home/deltarobot/Infrastructuur-feature-working-nodes/src/Speech/ros2/install/share/ament_index/resource_index/package_run_dependencies/speech_ros2
[28.170s] -- Installing: /home/deltarobot/Infrastructuur-feature-working-nodes/src/Speech/ros2/install/share/ament_index/resource_index/parent_prefix_path/speech_ros2
[28.172s] -- Installing: /home/deltarobot/Infrastructuur-feature-working-nodes/src/Speech/ros2/install/share/speech_ros2/environment/ament_prefix_path.sh
[28.173s] -- Installing: /home/deltarobot/Infrastructuur-feature-working-nodes/src/Speech/ros2/install/share/speech_ros2/environment/ament_prefix_path.dsv
[28.174s] -- Installing: /home/deltarobot/Infrastructuur-feature-working-nodes/src/Speech/ros2/install/share/speech_ros2/environment/path.sh
[28.175s] -- Installing: /home/deltarobot/Infrastructuur-feature-working-nodes/src/Speech/ros2/install/share/speech_ros2/environment/path.dsv
[28.177s] -- Installing: /home/deltarobot/Infrastructuur-feature-working-nodes/src/Speech/ros2/install/share/speech_ros2/local_setup.bash
[28.178s] -- Installing: /home/deltarobot/Infrastructuur-feature-working-nodes/src/Speech/ros2/install/share/speech_ros2/local_setup.sh
[28.179s] -- Installing: /home/deltarobot/Infrastructuur-feature-working-nodes/src/Speech/ros2/install/share/speech_ros2/local_setup.zsh
[28.180s] -- Installing: /home/deltarobot/Infrastructuur-feature-working-nodes/src/Speech/ros2/install/share/speech_ros2/local_setup.dsv
[28.181s] -- Installing: /home/deltarobot/Infrastructuur-feature-working-nodes/src/Speech/ros2/install/share/speech_ros2/package.dsv
[28.183s] -- Installing: /home/deltarobot/Infrastructuur-feature-working-nodes/src/Speech/ros2/install/share/ament_index/resource_index/packages/speech_ros2
[28.185s] -- Installing: /home/deltarobot/Infrastructuur-feature-working-nodes/src/Speech/ros2/install/share/speech_ros2/cmake/speech_ros2Config.cmake
[28.185s] -- Installing: /home/deltarobot/Infrastructuur-feature-working-nodes/src/Speech/ros2/install/share/speech_ros2/cmake/speech_ros2Config-version.cmake
[28.187s] -- Installing: /home/deltarobot/Infrastructuur-feature-working-nodes/src/Speech/ros2/install/share/speech_ros2/package.xml
[28.194s] Invoked command in '/home/deltarobot/Infrastructuur-feature-working-nodes/src/Speech/ros2/build/speech_ros2' returned '0': CMAKE_PREFIX_PATH=${CMAKE_PREFIX_PATH}:/home/deltarobot/Infrastructuur-feature-working-nodes/install/beeldverwerking:/opt/ros/foxy /usr/bin/cmake --install /home/deltarobot/Infrastructuur-feature-working-nodes/src/Speech/ros2/build/speech_ros2
