[0.089s] Invoking command in '/home/ubuntu/HardwareAansturing/ros2/build/rpi_serial': /usr/bin/cmake --build /home/ubuntu/HardwareAansturing/ros2/build/rpi_serial -- -j4 -l4
[0.208s] -- Found ament_cmake: 0.9.9 (/home/ubuntu/ros2_foxy/ros2-linux/share/ament_cmake/cmake)
[0.303s] -- Using PYTHON_EXECUTABLE: /usr/bin/python3
[1.096s] -- Found rclcpp: 2.4.1 (/home/ubuntu/ros2_foxy/ros2-linux/share/rclcpp/cmake)
[1.239s] -- Using all available rosidl_typesupport_c: rosidl_typesupport_fastrtps_c;rosidl_typesupport_introspection_c
[1.254s] -- Found rosidl_adapter: 1.2.1 (/home/ubuntu/ros2_foxy/ros2-linux/share/rosidl_adapter/cmake)
[1.945s] -- Using all available rosidl_typesupport_cpp: rosidl_typesupport_fastrtps_cpp;rosidl_typesupport_introspection_cpp
[2.149s] -- Found rmw_implementation_cmake: 1.0.3 (/home/ubuntu/ros2_foxy/ros2-linux/share/rmw_implementation_cmake/cmake)
[2.155s] -- Using RMW implementation 'rmw_fastrtps_cpp' as default
[2.513s] -- Found std_msgs: 2.0.5 (/home/ubuntu/ros2_foxy/ros2-linux/share/std_msgs/cmake)
[2.845s] -- Configuring done
[2.873s] -- Generating done
[2.880s] -- Build files have been written to: /home/ubuntu/HardwareAansturing/ros2/build/rpi_serial
[2.990s] [35m[1mScanning dependencies of target listener[0m
[3.076s] [ 33%] [32mBuilding CXX object CMakeFiles/listener.dir/src/serialib/serialib.cpp.o[0m
[3.115s] [01m[K/home/ubuntu/HardwareAansturing/ros2/rpi_serial/src/serialib/serialib.cpp:18:10:[m[K [01;31m[Kfatal error: [m[Kserialib.h: No such file or directory
[3.116s]    18 | #include [01;31m[K"serialib.h"[m[K
[3.117s]       |          [01;31m[K^~~~~~~~~~~~[m[K
[3.117s] compilation terminated.
[3.126s] make[2]: *** [CMakeFiles/listener.dir/build.make:76: CMakeFiles/listener.dir/src/serialib/serialib.cpp.o] Error 1
[3.126s] make[1]: *** [CMakeFiles/Makefile2:78: CMakeFiles/listener.dir/all] Error 2
[3.127s] make: *** [Makefile:141: all] Error 2
[3.134s] Invoked command in '/home/ubuntu/HardwareAansturing/ros2/build/rpi_serial' returned '2': /usr/bin/cmake --build /home/ubuntu/HardwareAansturing/ros2/build/rpi_serial -- -j4 -l4
