-- Found ament_cmake: 0.9.9 (/home/ubuntu/ros2_foxy/ros2-linux/share/ament_cmake/cmake)
-- Using PYTHON_EXECUTABLE: /usr/bin/python3
-- Found rclcpp: 2.4.1 (/home/ubuntu/ros2_foxy/ros2-linux/share/rclcpp/cmake)
-- Using all available rosidl_typesupport_c: rosidl_typesupport_fastrtps_c;rosidl_typesupport_introspection_c
-- Found rosidl_adapter: 1.2.1 (/home/ubuntu/ros2_foxy/ros2-linux/share/rosidl_adapter/cmake)
-- Using all available rosidl_typesupport_cpp: rosidl_typesupport_fastrtps_cpp;rosidl_typesupport_introspection_cpp
-- Found rmw_implementation_cmake: 1.0.3 (/home/ubuntu/ros2_foxy/ros2-linux/share/rmw_implementation_cmake/cmake)
-- Using RMW implementation 'rmw_fastrtps_cpp' as default
-- Found std_msgs: 2.0.5 (/home/ubuntu/ros2_foxy/ros2-linux/share/std_msgs/cmake)
-- Configuring done
-- Generating done
-- Build files have been written to: /home/ubuntu/HardwareAansturing/ros2/build/rpi_serial
[35m[1mScanning dependencies of target listener[0m
[ 66%] [32mBuilding CXX object CMakeFiles/listener.dir/src/subscriber_member_function.cpp.o[0m
[ 66%] [32mBuilding CXX object CMakeFiles/listener.dir/src/serialib/serialib.cpp.o[0m
[100%] [32m[1mLinking CXX executable listener[0m
[100%] Built target listener
-- Install configuration: ""
-- Installing: /home/ubuntu/HardwareAansturing/ros2/install/rpi_serial/lib/rpi_serial/listener
-- Set runtime path of "/home/ubuntu/HardwareAansturing/ros2/install/rpi_serial/lib/rpi_serial/listener" to ""
-- Up-to-date: /home/ubuntu/HardwareAansturing/ros2/install/rpi_serial/share/ament_index/resource_index/package_run_dependencies/rpi_serial
-- Up-to-date: /home/ubuntu/HardwareAansturing/ros2/install/rpi_serial/share/ament_index/resource_index/parent_prefix_path/rpi_serial
-- Up-to-date: /home/ubuntu/HardwareAansturing/ros2/install/rpi_serial/share/rpi_serial/environment/ament_prefix_path.sh
-- Installing: /home/ubuntu/HardwareAansturing/ros2/install/rpi_serial/share/rpi_serial/environment/ament_prefix_path.dsv
-- Up-to-date: /home/ubuntu/HardwareAansturing/ros2/install/rpi_serial/share/rpi_serial/environment/path.sh
-- Installing: /home/ubuntu/HardwareAansturing/ros2/install/rpi_serial/share/rpi_serial/environment/path.dsv
-- Up-to-date: /home/ubuntu/HardwareAansturing/ros2/install/rpi_serial/share/rpi_serial/local_setup.bash
-- Up-to-date: /home/ubuntu/HardwareAansturing/ros2/install/rpi_serial/share/rpi_serial/local_setup.sh
-- Up-to-date: /home/ubuntu/HardwareAansturing/ros2/install/rpi_serial/share/rpi_serial/local_setup.zsh
-- Installing: /home/ubuntu/HardwareAansturing/ros2/install/rpi_serial/share/rpi_serial/local_setup.dsv
-- Installing: /home/ubuntu/HardwareAansturing/ros2/install/rpi_serial/share/rpi_serial/package.dsv
-- Up-to-date: /home/ubuntu/HardwareAansturing/ros2/install/rpi_serial/share/ament_index/resource_index/packages/rpi_serial
-- Up-to-date: /home/ubuntu/HardwareAansturing/ros2/install/rpi_serial/share/rpi_serial/cmake/rpi_serialConfig.cmake
-- Up-to-date: /home/ubuntu/HardwareAansturing/ros2/install/rpi_serial/share/rpi_serial/cmake/rpi_serialConfig-version.cmake
-- Up-to-date: /home/ubuntu/HardwareAansturing/ros2/install/rpi_serial/share/rpi_serial/package.xml
