[0.090s] Invoking command in '/home/ubuntu/HardwareAansturing/ros2/build/rpi_serial': /usr/bin/cmake --build /home/ubuntu/HardwareAansturing/ros2/build/rpi_serial -- -j4 -l4
[0.208s] -- Found ament_cmake: 0.9.9 (/home/ubuntu/ros2_foxy/ros2-linux/share/ament_cmake/cmake)
[0.304s] -- Using PYTHON_EXECUTABLE: /usr/bin/python3
[1.103s] -- Found rclcpp: 2.4.1 (/home/ubuntu/ros2_foxy/ros2-linux/share/rclcpp/cmake)
[1.248s] -- Using all available rosidl_typesupport_c: rosidl_typesupport_fastrtps_c;rosidl_typesupport_introspection_c
[1.263s] -- Found rosidl_adapter: 1.2.1 (/home/ubuntu/ros2_foxy/ros2-linux/share/rosidl_adapter/cmake)
[1.961s] -- Using all available rosidl_typesupport_cpp: rosidl_typesupport_fastrtps_cpp;rosidl_typesupport_introspection_cpp
[2.170s] -- Found rmw_implementation_cmake: 1.0.3 (/home/ubuntu/ros2_foxy/ros2-linux/share/rmw_implementation_cmake/cmake)
[2.176s] -- Using RMW implementation 'rmw_fastrtps_cpp' as default
[2.543s] -- Found std_msgs: 2.0.5 (/home/ubuntu/ros2_foxy/ros2-linux/share/std_msgs/cmake)
[2.881s] -- Configuring done
[2.909s] -- Generating done
[2.916s] -- Build files have been written to: /home/ubuntu/HardwareAansturing/ros2/build/rpi_serial
[3.024s] [35m[1mScanning dependencies of target listener[0m
[3.105s] [ 66%] [32mBuilding CXX object CMakeFiles/listener.dir/src/subscriber_member_function.cpp.o[0m
[3.106s] [ 66%] [32mBuilding CXX object CMakeFiles/listener.dir/src/serialib/serialib.cpp.o[0m
[21.280s] [100%] [32m[1mLinking CXX executable listener[0m
[22.314s] [100%] Built target listener
[22.356s] Invoked command in '/home/ubuntu/HardwareAansturing/ros2/build/rpi_serial' returned '0': /usr/bin/cmake --build /home/ubuntu/HardwareAansturing/ros2/build/rpi_serial -- -j4 -l4
[22.532s] Invoking command in '/home/ubuntu/HardwareAansturing/ros2/build/rpi_serial': /usr/bin/cmake --install /home/ubuntu/HardwareAansturing/ros2/build/rpi_serial
[22.566s] -- Install configuration: ""
[22.567s] -- Installing: /home/ubuntu/HardwareAansturing/ros2/install/rpi_serial/lib/rpi_serial/listener
[22.581s] -- Set runtime path of "/home/ubuntu/HardwareAansturing/ros2/install/rpi_serial/lib/rpi_serial/listener" to ""
[22.581s] -- Up-to-date: /home/ubuntu/HardwareAansturing/ros2/install/rpi_serial/share/ament_index/resource_index/package_run_dependencies/rpi_serial
[22.582s] -- Up-to-date: /home/ubuntu/HardwareAansturing/ros2/install/rpi_serial/share/ament_index/resource_index/parent_prefix_path/rpi_serial
[22.582s] -- Up-to-date: /home/ubuntu/HardwareAansturing/ros2/install/rpi_serial/share/rpi_serial/environment/ament_prefix_path.sh
[22.583s] -- Installing: /home/ubuntu/HardwareAansturing/ros2/install/rpi_serial/share/rpi_serial/environment/ament_prefix_path.dsv
[22.584s] -- Up-to-date: /home/ubuntu/HardwareAansturing/ros2/install/rpi_serial/share/rpi_serial/environment/path.sh
[22.584s] -- Installing: /home/ubuntu/HardwareAansturing/ros2/install/rpi_serial/share/rpi_serial/environment/path.dsv
[22.586s] -- Up-to-date: /home/ubuntu/HardwareAansturing/ros2/install/rpi_serial/share/rpi_serial/local_setup.bash
[22.586s] -- Up-to-date: /home/ubuntu/HardwareAansturing/ros2/install/rpi_serial/share/rpi_serial/local_setup.sh
[22.586s] -- Up-to-date: /home/ubuntu/HardwareAansturing/ros2/install/rpi_serial/share/rpi_serial/local_setup.zsh
[22.587s] -- Installing: /home/ubuntu/HardwareAansturing/ros2/install/rpi_serial/share/rpi_serial/local_setup.dsv
[22.588s] -- Installing: /home/ubuntu/HardwareAansturing/ros2/install/rpi_serial/share/rpi_serial/package.dsv
[22.589s] -- Up-to-date: /home/ubuntu/HardwareAansturing/ros2/install/rpi_serial/share/ament_index/resource_index/packages/rpi_serial
[22.590s] -- Up-to-date: /home/ubuntu/HardwareAansturing/ros2/install/rpi_serial/share/rpi_serial/cmake/rpi_serialConfig.cmake
[22.590s] -- Up-to-date: /home/ubuntu/HardwareAansturing/ros2/install/rpi_serial/share/rpi_serial/cmake/rpi_serialConfig-version.cmake
[22.590s] -- Up-to-date: /home/ubuntu/HardwareAansturing/ros2/install/rpi_serial/share/rpi_serial/package.xml
[22.597s] Invoked command in '/home/ubuntu/HardwareAansturing/ros2/build/rpi_serial' returned '0': /usr/bin/cmake --install /home/ubuntu/HardwareAansturing/ros2/build/rpi_serial
