[0.098s] Invoking command in '/home/ubuntu/HardwareAansturing/ros2/build/rpi_serial': /usr/bin/cmake /home/ubuntu/HardwareAansturing/ros2/rpi_serial -DCMAKE_INSTALL_PREFIX=/home/ubuntu/HardwareAansturing/ros2/install/rpi_serial
[1.212s] -- The C compiler identification is GNU 9.4.0
[3.119s] -- The CXX compiler identification is GNU 9.4.0
[3.149s] -- Check for working C compiler: /usr/bin/cc
[3.474s] -- Check for working C compiler: /usr/bin/cc -- works
[3.480s] -- Detecting C compiler ABI info
[3.781s] -- Detecting C compiler ABI info - done
[3.821s] -- Detecting C compile features
[3.823s] -- Detecting C compile features - done
[3.836s] -- Check for working CXX compiler: /usr/bin/c++
[4.164s] -- Check for working CXX compiler: /usr/bin/c++ -- works
[4.168s] -- Detecting CXX compiler ABI info
[5.674s] -- Detecting CXX compiler ABI info - done
[5.718s] -- Detecting CXX compile features
[5.720s] -- Detecting CXX compile features - done
[5.760s] -- Found ament_cmake: 0.9.9 (/home/ubuntu/ros2_foxy/ros2-linux/share/ament_cmake/cmake)
[5.903s] -- Found PythonInterp: /usr/bin/python3 (found suitable version "3.8.10", minimum required is "3") 
[5.904s] -- Using PYTHON_EXECUTABLE: /usr/bin/python3
[6.943s] CMake Error at /home/ubuntu/ros2_foxy/ros2-linux/share/ament_cmake_target_dependencies/cmake/ament_target_dependencies.cmake:77 (message):
[6.944s]   ament_target_dependencies() the passed package name 'rclcpp' was not found
[6.944s]   before
[6.944s] Call Stack (most recent call first):
[6.945s]   CMakeLists.txt:12 (ament_target_dependencies)
[6.945s] 
[6.945s] 
[6.949s] -- Configuring incomplete, errors occurred!
[6.949s] See also "/home/ubuntu/HardwareAansturing/ros2/build/rpi_serial/CMakeFiles/CMakeOutput.log".
[6.961s] Invoked command in '/home/ubuntu/HardwareAansturing/ros2/build/rpi_serial' returned '1': /usr/bin/cmake /home/ubuntu/HardwareAansturing/ros2/rpi_serial -DCMAKE_INSTALL_PREFIX=/home/ubuntu/HardwareAansturing/ros2/install/rpi_serial
