-- Found ament_cmake: 0.9.9 (/home/ubuntu/ros2_foxy/ros2-linux/share/ament_cmake/cmake)
-- Using PYTHON_EXECUTABLE: /usr/bin/python3
-- Found rclcpp: 2.4.1 (/home/ubuntu/ros2_foxy/ros2-linux/share/rclcpp/cmake)
-- Using all available rosidl_typesupport_c: rosidl_typesupport_fastrtps_c;rosidl_typesupport_introspection_c
-- Found rosidl_adapter: 1.2.1 (/home/ubuntu/ros2_foxy/ros2-linux/share/rosidl_adapter/cmake)
-- Found OpenSSL: /usr/lib/aarch64-linux-gnu/libcrypto.so (found version "1.1.1f")  
-- Found FastRTPS: /home/ubuntu/ros2_foxy/ros2-linux/include  
-- Using all available rosidl_typesupport_cpp: rosidl_typesupport_fastrtps_cpp;rosidl_typesupport_introspection_cpp
-- Found rmw_implementation_cmake: 1.0.3 (/home/ubuntu/ros2_foxy/ros2-linux/share/rmw_implementation_cmake/cmake)
-- Using RMW implementation 'rmw_fastrtps_cpp' as default
-- Looking for pthread.h
-- Looking for pthread.h - found
-- Performing Test CMAKE_HAVE_LIBC_PTHREAD
-- Performing Test CMAKE_HAVE_LIBC_PTHREAD - Failed
-- Looking for pthread_create in pthreads
-- Looking for pthread_create in pthreads - not found
-- Looking for pthread_create in pthread
-- Looking for pthread_create in pthread - found
-- Found Threads: TRUE  
-- Found std_msgs: 2.0.5 (/home/ubuntu/ros2_foxy/ros2-linux/share/std_msgs/cmake)
-- Configuring done
-- Generating done
-- Build files have been written to: /home/ubuntu/HardwareAansturing/ros2/build/rpi_serial
[35m[1mScanning dependencies of target listener[0m
[ 50%] [32mBuilding CXX object CMakeFiles/listener.dir/src/subscriber_member_function.cpp.o[0m
[100%] [32m[1mLinking CXX executable listener[0m
[100%] Built target listener
-- Install configuration: ""
-- Installing: /home/ubuntu/HardwareAansturing/ros2/install/rpi_serial/lib/rpi_serial/listener
-- Set runtime path of "/home/ubuntu/HardwareAansturing/ros2/install/rpi_serial/lib/rpi_serial/listener" to ""
-- Installing: /home/ubuntu/HardwareAansturing/ros2/install/rpi_serial/share/ament_index/resource_index/package_run_dependencies/rpi_serial
-- Installing: /home/ubuntu/HardwareAansturing/ros2/install/rpi_serial/share/ament_index/resource_index/parent_prefix_path/rpi_serial
-- Installing: /home/ubuntu/HardwareAansturing/ros2/install/rpi_serial/share/rpi_serial/environment/ament_prefix_path.sh
-- Installing: /home/ubuntu/HardwareAansturing/ros2/install/rpi_serial/share/rpi_serial/environment/ament_prefix_path.dsv
-- Installing: /home/ubuntu/HardwareAansturing/ros2/install/rpi_serial/share/rpi_serial/environment/path.sh
-- Installing: /home/ubuntu/HardwareAansturing/ros2/install/rpi_serial/share/rpi_serial/environment/path.dsv
-- Installing: /home/ubuntu/HardwareAansturing/ros2/install/rpi_serial/share/rpi_serial/local_setup.bash
-- Installing: /home/ubuntu/HardwareAansturing/ros2/install/rpi_serial/share/rpi_serial/local_setup.sh
-- Installing: /home/ubuntu/HardwareAansturing/ros2/install/rpi_serial/share/rpi_serial/local_setup.zsh
-- Installing: /home/ubuntu/HardwareAansturing/ros2/install/rpi_serial/share/rpi_serial/local_setup.dsv
-- Installing: /home/ubuntu/HardwareAansturing/ros2/install/rpi_serial/share/rpi_serial/package.dsv
-- Installing: /home/ubuntu/HardwareAansturing/ros2/install/rpi_serial/share/ament_index/resource_index/packages/rpi_serial
-- Installing: /home/ubuntu/HardwareAansturing/ros2/install/rpi_serial/share/rpi_serial/cmake/rpi_serialConfig.cmake
-- Installing: /home/ubuntu/HardwareAansturing/ros2/install/rpi_serial/share/rpi_serial/cmake/rpi_serialConfig-version.cmake
-- Installing: /home/ubuntu/HardwareAansturing/ros2/install/rpi_serial/share/rpi_serial/package.xml
