[0.085s] Invoking command in '/home/ubuntu/HardwareAansturing/ros2/build/rpi_serial': /usr/bin/cmake /home/ubuntu/HardwareAansturing/ros2/rpi_serial -DCMAKE_INSTALL_PREFIX=/home/ubuntu/HardwareAansturing/ros2/install/rpi_serial
[0.148s] -- Found ament_cmake: 0.9.9 (/home/ubuntu/ros2_foxy/ros2-linux/share/ament_cmake/cmake)
[0.243s] -- Using PYTHON_EXECUTABLE: /usr/bin/python3
[1.064s] -- Found rclcpp: 2.4.1 (/home/ubuntu/ros2_foxy/ros2-linux/share/rclcpp/cmake)
[1.423s] -- Using all available rosidl_typesupport_c: rosidl_typesupport_fastrtps_c;rosidl_typesupport_introspection_c
[1.494s] -- Found rosidl_adapter: 1.2.1 (/home/ubuntu/ros2_foxy/ros2-linux/share/rosidl_adapter/cmake)
[2.013s] -- Found OpenSSL: /usr/lib/aarch64-linux-gnu/libcrypto.so (found version "1.1.1f")  
[2.192s] -- Found FastRTPS: /home/ubuntu/ros2_foxy/ros2-linux/include  
[2.714s] -- Using all available rosidl_typesupport_cpp: rosidl_typesupport_fastrtps_cpp;rosidl_typesupport_introspection_cpp
[3.075s] -- Found rmw_implementation_cmake: 1.0.3 (/home/ubuntu/ros2_foxy/ros2-linux/share/rmw_implementation_cmake/cmake)
[3.085s] -- Using RMW implementation 'rmw_fastrtps_cpp' as default
[3.093s] -- Looking for pthread.h
[3.440s] -- Looking for pthread.h - found
[3.441s] -- Performing Test CMAKE_HAVE_LIBC_PTHREAD
[3.759s] -- Performing Test CMAKE_HAVE_LIBC_PTHREAD - Failed
[3.760s] -- Looking for pthread_create in pthreads
[4.020s] -- Looking for pthread_create in pthreads - not found
[4.021s] -- Looking for pthread_create in pthread
[4.324s] -- Looking for pthread_create in pthread - found
[4.328s] -- Found Threads: TRUE  
[4.839s] -- Found std_msgs: 2.0.5 (/home/ubuntu/ros2_foxy/ros2-linux/share/std_msgs/cmake)
[5.207s] -- Configuring done
[5.236s] -- Generating done
[5.242s] -- Build files have been written to: /home/ubuntu/HardwareAansturing/ros2/build/rpi_serial
[5.256s] Invoked command in '/home/ubuntu/HardwareAansturing/ros2/build/rpi_serial' returned '0': /usr/bin/cmake /home/ubuntu/HardwareAansturing/ros2/rpi_serial -DCMAKE_INSTALL_PREFIX=/home/ubuntu/HardwareAansturing/ros2/install/rpi_serial
[5.266s] Invoking command in '/home/ubuntu/HardwareAansturing/ros2/build/rpi_serial': /usr/bin/cmake --build /home/ubuntu/HardwareAansturing/ros2/build/rpi_serial -- -j4 -l4
[5.435s] [35m[1mScanning dependencies of target listener[0m
[5.889s] [ 50%] [32mBuilding CXX object CMakeFiles/listener.dir/src/subscriber_member_function.cpp.o[0m
[27.474s] [100%] [32m[1mLinking CXX executable listener[0m
[28.705s] [100%] Built target listener
[28.746s] Invoked command in '/home/ubuntu/HardwareAansturing/ros2/build/rpi_serial' returned '0': /usr/bin/cmake --build /home/ubuntu/HardwareAansturing/ros2/build/rpi_serial -- -j4 -l4
[28.907s] Invoking command in '/home/ubuntu/HardwareAansturing/ros2/build/rpi_serial': /usr/bin/cmake --install /home/ubuntu/HardwareAansturing/ros2/build/rpi_serial
[28.939s] -- Install configuration: ""
[28.940s] -- Installing: /home/ubuntu/HardwareAansturing/ros2/install/rpi_serial/lib/rpi_serial/listener
[28.953s] -- Set runtime path of "/home/ubuntu/HardwareAansturing/ros2/install/rpi_serial/lib/rpi_serial/listener" to ""
[28.954s] -- Installing: /home/ubuntu/HardwareAansturing/ros2/install/rpi_serial/share/ament_index/resource_index/package_run_dependencies/rpi_serial
[28.955s] -- Installing: /home/ubuntu/HardwareAansturing/ros2/install/rpi_serial/share/ament_index/resource_index/parent_prefix_path/rpi_serial
[28.957s] -- Installing: /home/ubuntu/HardwareAansturing/ros2/install/rpi_serial/share/rpi_serial/environment/ament_prefix_path.sh
[28.958s] -- Installing: /home/ubuntu/HardwareAansturing/ros2/install/rpi_serial/share/rpi_serial/environment/ament_prefix_path.dsv
[28.959s] -- Installing: /home/ubuntu/HardwareAansturing/ros2/install/rpi_serial/share/rpi_serial/environment/path.sh
[28.960s] -- Installing: /home/ubuntu/HardwareAansturing/ros2/install/rpi_serial/share/rpi_serial/environment/path.dsv
[28.961s] -- Installing: /home/ubuntu/HardwareAansturing/ros2/install/rpi_serial/share/rpi_serial/local_setup.bash
[28.962s] -- Installing: /home/ubuntu/HardwareAansturing/ros2/install/rpi_serial/share/rpi_serial/local_setup.sh
[28.963s] -- Installing: /home/ubuntu/HardwareAansturing/ros2/install/rpi_serial/share/rpi_serial/local_setup.zsh
[28.964s] -- Installing: /home/ubuntu/HardwareAansturing/ros2/install/rpi_serial/share/rpi_serial/local_setup.dsv
[28.966s] -- Installing: /home/ubuntu/HardwareAansturing/ros2/install/rpi_serial/share/rpi_serial/package.dsv
[28.967s] -- Installing: /home/ubuntu/HardwareAansturing/ros2/install/rpi_serial/share/ament_index/resource_index/packages/rpi_serial
[28.968s] -- Installing: /home/ubuntu/HardwareAansturing/ros2/install/rpi_serial/share/rpi_serial/cmake/rpi_serialConfig.cmake
[28.969s] -- Installing: /home/ubuntu/HardwareAansturing/ros2/install/rpi_serial/share/rpi_serial/cmake/rpi_serialConfig-version.cmake
[28.970s] -- Installing: /home/ubuntu/HardwareAansturing/ros2/install/rpi_serial/share/rpi_serial/package.xml
[28.977s] Invoked command in '/home/ubuntu/HardwareAansturing/ros2/build/rpi_serial' returned '0': /usr/bin/cmake --install /home/ubuntu/HardwareAansturing/ros2/build/rpi_serial
