[0.065s] Invoking command in '/home/deltarobot/Infrastructuur-feature-working-nodes/src/build/speech_ros2': CMAKE_PREFIX_PATH=${CMAKE_PREFIX_PATH}:/home/deltarobot/Infrastructuur-feature-working-nodes/install/beeldverwerking:/opt/ros/foxy /usr/bin/cmake /home/deltarobot/Infrastructuur-feature-working-nodes/src/Speech/ros2/speech_ros2 -DCMAKE_INSTALL_PREFIX=/home/deltarobot/Infrastructuur-feature-working-nodes/src/install
[1.138s] -- The C compiler identification is GNU 9.4.0
[1.898s] -- The CXX compiler identification is GNU 9.4.0
[1.929s] -- Check for working C compiler: /usr/bin/cc
[2.246s] -- Check for working C compiler: /usr/bin/cc -- works
[2.252s] -- Detecting C compiler ABI info
[2.556s] -- Detecting C compiler ABI info - done
[2.598s] -- Detecting C compile features
[2.600s] -- Detecting C compile features - done
[2.614s] -- Check for working CXX compiler: /usr/bin/c++
[2.946s] -- Check for working CXX compiler: /usr/bin/c++ -- works
[2.951s] -- Detecting CXX compiler ABI info
[3.295s] -- Detecting CXX compiler ABI info - done
[3.338s] -- Detecting CXX compile features
[3.340s] -- Detecting CXX compile features - done
[3.372s] -- Found ament_cmake: 0.9.9 (/opt/ros/foxy/share/ament_cmake/cmake)
[3.512s] -- Found PythonInterp: /usr/bin/python3 (found suitable version "3.8.10", minimum required is "3") 
[3.512s] -- Using PYTHON_EXECUTABLE: /usr/bin/python3
[4.479s] -- Found rclcpp: 2.4.1 (/opt/ros/foxy/share/rclcpp/cmake)
[4.835s] -- Using all available rosidl_typesupport_c: rosidl_typesupport_fastrtps_c;rosidl_typesupport_introspection_c
[4.902s] -- Found rosidl_adapter: 1.2.1 (/opt/ros/foxy/share/rosidl_adapter/cmake)
[5.353s] -- Found OpenSSL: /usr/lib/aarch64-linux-gnu/libcrypto.so (found version "1.1.1f")  
[5.505s] -- Found FastRTPS: /opt/ros/foxy/include  
[5.977s] -- Using all available rosidl_typesupport_cpp: rosidl_typesupport_fastrtps_cpp;rosidl_typesupport_introspection_cpp
[6.319s] -- Found rmw_implementation_cmake: 1.0.3 (/opt/ros/foxy/share/rmw_implementation_cmake/cmake)
[6.329s] -- Using RMW implementation 'rmw_fastrtps_cpp' as default
[6.335s] -- Looking for pthread.h
[6.682s] -- Looking for pthread.h - found
[6.683s] -- Performing Test CMAKE_HAVE_LIBC_PTHREAD
[7.004s] -- Performing Test CMAKE_HAVE_LIBC_PTHREAD - Failed
[7.005s] -- Looking for pthread_create in pthreads
[7.267s] -- Looking for pthread_create in pthreads - not found
[7.268s] -- Looking for pthread_create in pthread
[7.573s] -- Looking for pthread_create in pthread - found
[7.577s] -- Found Threads: TRUE  
[8.422s] CMake Error at CMakeLists.txt:18 (find_package):
[8.422s]   By not providing "FindPortAudio.cmake" in CMAKE_MODULE_PATH this project
[8.423s]   has asked CMake to find a package configuration file provided by
[8.423s]   "PortAudio", but CMake did not find one.
[8.423s] 
[8.423s]   Could not find a package configuration file provided by "PortAudio" with
[8.424s]   any of the following names:
[8.424s] 
[8.424s]     PortAudioConfig.cmake
[8.425s]     portaudio-config.cmake
[8.425s] 
[8.425s]   Add the installation prefix of "PortAudio" to CMAKE_PREFIX_PATH or set
[8.426s]   "PortAudio_DIR" to a directory containing one of the above files.  If
[8.426s]   "PortAudio" provides a separate development package or SDK, be sure it has
[8.426s]   been installed.
[8.426s] 
[8.427s] 
[8.437s] -- Configuring incomplete, errors occurred!
[8.438s] See also "/home/deltarobot/Infrastructuur-feature-working-nodes/src/build/speech_ros2/CMakeFiles/CMakeOutput.log".
[8.438s] See also "/home/deltarobot/Infrastructuur-feature-working-nodes/src/build/speech_ros2/CMakeFiles/CMakeError.log".
[8.464s] Invoked command in '/home/deltarobot/Infrastructuur-feature-working-nodes/src/build/speech_ros2' returned '1': CMAKE_PREFIX_PATH=${CMAKE_PREFIX_PATH}:/home/deltarobot/Infrastructuur-feature-working-nodes/install/beeldverwerking:/opt/ros/foxy /usr/bin/cmake /home/deltarobot/Infrastructuur-feature-working-nodes/src/Speech/ros2/speech_ros2 -DCMAKE_INSTALL_PREFIX=/home/deltarobot/Infrastructuur-feature-working-nodes/src/install
