[0.862s] DEBUG:colcon:Command line arguments: ['/usr/bin/colcon', 'build', '--merge-install', '--packages-select', 'speech_ros2']
[0.863s] DEBUG:colcon:Parsed command line arguments: Namespace(allow_overriding=[], ament_cmake_args=None, base_paths=['.'], build_base='build', catkin_cmake_args=None, catkin_skip_building_tests=False, cmake_args=None, cmake_clean_cache=False, cmake_clean_first=False, cmake_force_configure=False, cmake_target=None, cmake_target_skip_unavailable=False, continue_on_error=False, event_handlers=None, executor='parallel', ignore_user_meta=False, install_base='install', log_base=None, log_level=None, main=<bound method BuildVerb.main of <colcon_core.verb.build.BuildVerb object at 0xffff7f9a6100>>, merge_install=True, metas=['./colcon.meta'], packages_above=None, packages_above_and_dependencies=None, packages_above_depth=None, packages_end=None, packages_ignore=None, packages_ignore_regex=None, packages_select=['speech_ros2'], packages_select_build_failed=False, packages_select_by_dep=None, packages_select_regex=None, packages_select_test_failures=False, packages_skip=None, packages_skip_build_finished=False, packages_skip_by_dep=None, packages_skip_regex=None, packages_skip_test_passed=False, packages_skip_up_to=None, packages_start=None, packages_up_to=None, packages_up_to_regex=None, parallel_workers=4, paths=None, symlink_install=False, test_result_base=None, verb_extension=<colcon_core.verb.build.BuildVerb object at 0xffff7f9a6100>, verb_name='build', verb_parser=<colcon_defaults.argument_parser.defaults.DefaultArgumentsDecorator object at 0xffff7f9a6580>)
[0.897s] Level 1:colcon.colcon_core.package_discovery:discover_packages(colcon_meta) check parameters
[0.898s] Level 1:colcon.colcon_core.package_discovery:discover_packages(recursive) check parameters
[0.898s] Level 1:colcon.colcon_core.package_discovery:discover_packages(ignore) check parameters
[0.898s] Level 1:colcon.colcon_core.package_discovery:discover_packages(path) check parameters
[0.898s] Level 1:colcon.colcon_core.package_discovery:discover_packages(colcon_meta) discover
[0.898s] Level 1:colcon.colcon_core.package_discovery:discover_packages(recursive) discover
[0.899s] INFO:colcon.colcon_core.package_discovery:Crawling recursively for packages in '/home/deltarobot/Infrastructuur-feature-working-nodes/src'
[0.899s] Level 1:colcon.colcon_core.package_identification:_identify(.) by extensions ['ignore', 'ignore_ament_install']
[0.900s] Level 1:colcon.colcon_core.package_identification:_identify(.) by extension 'ignore'
[0.900s] Level 1:colcon.colcon_core.package_identification:_identify(.) by extension 'ignore_ament_install'
[0.900s] Level 1:colcon.colcon_core.package_identification:_identify(.) by extensions ['colcon_pkg']
[0.900s] Level 1:colcon.colcon_core.package_identification:_identify(.) by extension 'colcon_pkg'
[0.901s] Level 1:colcon.colcon_core.package_identification:_identify(.) by extensions ['colcon_meta']
[0.901s] Level 1:colcon.colcon_core.package_identification:_identify(.) by extension 'colcon_meta'
[0.901s] Level 1:colcon.colcon_core.package_identification:_identify(.) by extensions ['ros']
[0.901s] Level 1:colcon.colcon_core.package_identification:_identify(.) by extension 'ros'
[0.977s] Level 1:colcon.colcon_core.package_identification:_identify(.) by extensions ['cmake', 'python']
[0.977s] Level 1:colcon.colcon_core.package_identification:_identify(.) by extension 'cmake'
[0.977s] Level 1:colcon.colcon_core.package_identification:_identify(.) by extension 'python'
[0.978s] Level 1:colcon.colcon_core.package_identification:_identify(.) by extensions ['python_setup_py']
[0.978s] Level 1:colcon.colcon_core.package_identification:_identify(.) by extension 'python_setup_py'
[0.978s] Level 1:colcon.colcon_core.package_identification:_identify(Beeldverwerking) by extensions ['ignore', 'ignore_ament_install']
[0.979s] Level 1:colcon.colcon_core.package_identification:_identify(Beeldverwerking) by extension 'ignore'
[0.979s] Level 1:colcon.colcon_core.package_identification:_identify(Beeldverwerking) by extension 'ignore_ament_install'
[0.979s] Level 1:colcon.colcon_core.package_identification:_identify(Beeldverwerking) by extensions ['colcon_pkg']
[0.980s] Level 1:colcon.colcon_core.package_identification:_identify(Beeldverwerking) by extension 'colcon_pkg'
[0.980s] Level 1:colcon.colcon_core.package_identification:_identify(Beeldverwerking) by extensions ['colcon_meta']
[0.980s] Level 1:colcon.colcon_core.package_identification:_identify(Beeldverwerking) by extension 'colcon_meta'
[0.980s] Level 1:colcon.colcon_core.package_identification:_identify(Beeldverwerking) by extensions ['ros']
[0.980s] Level 1:colcon.colcon_core.package_identification:_identify(Beeldverwerking) by extension 'ros'
[0.992s] DEBUG:colcon.colcon_core.package_identification:Package 'Beeldverwerking' with type 'ros.ament_python' and name 'beeldverwerking'
[0.993s] Level 1:colcon.colcon_core.package_identification:_identify(Speech) by extensions ['ignore', 'ignore_ament_install']
[0.993s] Level 1:colcon.colcon_core.package_identification:_identify(Speech) by extension 'ignore'
[0.993s] Level 1:colcon.colcon_core.package_identification:_identify(Speech) by extension 'ignore_ament_install'
[0.994s] Level 1:colcon.colcon_core.package_identification:_identify(Speech) by extensions ['colcon_pkg']
[0.994s] Level 1:colcon.colcon_core.package_identification:_identify(Speech) by extension 'colcon_pkg'
[0.994s] Level 1:colcon.colcon_core.package_identification:_identify(Speech) by extensions ['colcon_meta']
[0.994s] Level 1:colcon.colcon_core.package_identification:_identify(Speech) by extension 'colcon_meta'
[0.994s] Level 1:colcon.colcon_core.package_identification:_identify(Speech) by extensions ['ros']
[0.994s] Level 1:colcon.colcon_core.package_identification:_identify(Speech) by extension 'ros'
[0.995s] Level 1:colcon.colcon_core.package_identification:_identify(Speech) by extensions ['cmake', 'python']
[0.995s] Level 1:colcon.colcon_core.package_identification:_identify(Speech) by extension 'cmake'
[0.995s] Level 1:colcon.colcon_core.package_identification:_identify(Speech) by extension 'python'
[0.995s] Level 1:colcon.colcon_core.package_identification:_identify(Speech) by extensions ['python_setup_py']
[0.996s] Level 1:colcon.colcon_core.package_identification:_identify(Speech) by extension 'python_setup_py'
[0.996s] Level 1:colcon.colcon_core.package_identification:_identify(Speech/gcode_tools) by extensions ['ignore', 'ignore_ament_install']
[0.996s] Level 1:colcon.colcon_core.package_identification:_identify(Speech/gcode_tools) by extension 'ignore'
[0.997s] Level 1:colcon.colcon_core.package_identification:_identify(Speech/gcode_tools) by extension 'ignore_ament_install'
[0.997s] Level 1:colcon.colcon_core.package_identification:_identify(Speech/gcode_tools) by extensions ['colcon_pkg']
[0.997s] Level 1:colcon.colcon_core.package_identification:_identify(Speech/gcode_tools) by extension 'colcon_pkg'
[0.997s] Level 1:colcon.colcon_core.package_identification:_identify(Speech/gcode_tools) by extensions ['colcon_meta']
[0.997s] Level 1:colcon.colcon_core.package_identification:_identify(Speech/gcode_tools) by extension 'colcon_meta'
[0.998s] Level 1:colcon.colcon_core.package_identification:_identify(Speech/gcode_tools) by extensions ['ros']
[0.998s] Level 1:colcon.colcon_core.package_identification:_identify(Speech/gcode_tools) by extension 'ros'
[0.998s] Level 1:colcon.colcon_core.package_identification:_identify(Speech/gcode_tools) by extensions ['cmake', 'python']
[0.998s] Level 1:colcon.colcon_core.package_identification:_identify(Speech/gcode_tools) by extension 'cmake'
[0.998s] Level 1:colcon.colcon_core.package_identification:_identify(Speech/gcode_tools) by extension 'python'
[0.999s] Level 1:colcon.colcon_core.package_identification:_identify(Speech/gcode_tools) by extensions ['python_setup_py']
[0.999s] Level 1:colcon.colcon_core.package_identification:_identify(Speech/gcode_tools) by extension 'python_setup_py'
[1.000s] Level 1:colcon.colcon_core.package_identification:_identify(Speech/ros2) by extensions ['ignore', 'ignore_ament_install']
[1.000s] Level 1:colcon.colcon_core.package_identification:_identify(Speech/ros2) by extension 'ignore'
[1.000s] Level 1:colcon.colcon_core.package_identification:_identify(Speech/ros2) by extension 'ignore_ament_install'
[1.000s] Level 1:colcon.colcon_core.package_identification:_identify(Speech/ros2) by extensions ['colcon_pkg']
[1.001s] Level 1:colcon.colcon_core.package_identification:_identify(Speech/ros2) by extension 'colcon_pkg'
[1.001s] Level 1:colcon.colcon_core.package_identification:_identify(Speech/ros2) by extensions ['colcon_meta']
[1.001s] Level 1:colcon.colcon_core.package_identification:_identify(Speech/ros2) by extension 'colcon_meta'
[1.001s] Level 1:colcon.colcon_core.package_identification:_identify(Speech/ros2) by extensions ['ros']
[1.001s] Level 1:colcon.colcon_core.package_identification:_identify(Speech/ros2) by extension 'ros'
[1.002s] Level 1:colcon.colcon_core.package_identification:_identify(Speech/ros2) by extensions ['cmake', 'python']
[1.002s] Level 1:colcon.colcon_core.package_identification:_identify(Speech/ros2) by extension 'cmake'
[1.002s] Level 1:colcon.colcon_core.package_identification:_identify(Speech/ros2) by extension 'python'
[1.002s] Level 1:colcon.colcon_core.package_identification:_identify(Speech/ros2) by extensions ['python_setup_py']
[1.002s] Level 1:colcon.colcon_core.package_identification:_identify(Speech/ros2) by extension 'python_setup_py'
[1.003s] Level 1:colcon.colcon_core.package_identification:_identify(Speech/ros2/speech_ros2) by extensions ['ignore', 'ignore_ament_install']
[1.003s] Level 1:colcon.colcon_core.package_identification:_identify(Speech/ros2/speech_ros2) by extension 'ignore'
[1.003s] Level 1:colcon.colcon_core.package_identification:_identify(Speech/ros2/speech_ros2) by extension 'ignore_ament_install'
[1.004s] Level 1:colcon.colcon_core.package_identification:_identify(Speech/ros2/speech_ros2) by extensions ['colcon_pkg']
[1.004s] Level 1:colcon.colcon_core.package_identification:_identify(Speech/ros2/speech_ros2) by extension 'colcon_pkg'
[1.004s] Level 1:colcon.colcon_core.package_identification:_identify(Speech/ros2/speech_ros2) by extensions ['colcon_meta']
[1.004s] Level 1:colcon.colcon_core.package_identification:_identify(Speech/ros2/speech_ros2) by extension 'colcon_meta'
[1.004s] Level 1:colcon.colcon_core.package_identification:_identify(Speech/ros2/speech_ros2) by extensions ['ros']
[1.004s] Level 1:colcon.colcon_core.package_identification:_identify(Speech/ros2/speech_ros2) by extension 'ros'
[1.007s] DEBUG:colcon.colcon_core.package_identification:Package 'Speech/ros2/speech_ros2' with type 'ros.ament_cmake' and name 'speech_ros2'
[1.007s] Level 1:colcon.colcon_core.package_identification:_identify(build) by extensions ['ignore', 'ignore_ament_install']
[1.008s] Level 1:colcon.colcon_core.package_identification:_identify(build) by extension 'ignore'
[1.008s] Level 1:colcon.colcon_core.package_identification:_identify(build) ignored
[1.008s] Level 1:colcon.colcon_core.package_identification:_identify(install) by extensions ['ignore', 'ignore_ament_install']
[1.009s] Level 1:colcon.colcon_core.package_identification:_identify(install) by extension 'ignore'
[1.009s] Level 1:colcon.colcon_core.package_identification:_identify(install) ignored
[1.009s] Level 1:colcon.colcon_core.package_identification:_identify(log) by extensions ['ignore', 'ignore_ament_install']
[1.010s] Level 1:colcon.colcon_core.package_identification:_identify(log) by extension 'ignore'
[1.010s] Level 1:colcon.colcon_core.package_identification:_identify(log) ignored
[1.010s] Level 1:colcon.colcon_core.package_identification:_identify(receive_node) by extensions ['ignore', 'ignore_ament_install']
[1.010s] Level 1:colcon.colcon_core.package_identification:_identify(receive_node) by extension 'ignore'
[1.011s] Level 1:colcon.colcon_core.package_identification:_identify(receive_node) by extension 'ignore_ament_install'
[1.011s] Level 1:colcon.colcon_core.package_identification:_identify(receive_node) by extensions ['colcon_pkg']
[1.011s] Level 1:colcon.colcon_core.package_identification:_identify(receive_node) by extension 'colcon_pkg'
[1.011s] Level 1:colcon.colcon_core.package_identification:_identify(receive_node) by extensions ['colcon_meta']
[1.012s] Level 1:colcon.colcon_core.package_identification:_identify(receive_node) by extension 'colcon_meta'
[1.012s] Level 1:colcon.colcon_core.package_identification:_identify(receive_node) by extensions ['ros']
[1.012s] Level 1:colcon.colcon_core.package_identification:_identify(receive_node) by extension 'ros'
[1.015s] DEBUG:colcon.colcon_core.package_identification:Package 'receive_node' with type 'ros.ament_cmake' and name 'receive_node'
[1.015s] Level 1:colcon.colcon_core.package_identification:_identify(ros_and_serial) by extensions ['ignore', 'ignore_ament_install']
[1.016s] Level 1:colcon.colcon_core.package_identification:_identify(ros_and_serial) by extension 'ignore'
[1.016s] Level 1:colcon.colcon_core.package_identification:_identify(ros_and_serial) by extension 'ignore_ament_install'
[1.016s] Level 1:colcon.colcon_core.package_identification:_identify(ros_and_serial) by extensions ['colcon_pkg']
[1.016s] Level 1:colcon.colcon_core.package_identification:_identify(ros_and_serial) by extension 'colcon_pkg'
[1.016s] Level 1:colcon.colcon_core.package_identification:_identify(ros_and_serial) by extensions ['colcon_meta']
[1.017s] Level 1:colcon.colcon_core.package_identification:_identify(ros_and_serial) by extension 'colcon_meta'
[1.017s] Level 1:colcon.colcon_core.package_identification:_identify(ros_and_serial) by extensions ['ros']
[1.017s] Level 1:colcon.colcon_core.package_identification:_identify(ros_and_serial) by extension 'ros'
[1.020s] DEBUG:colcon.colcon_core.package_identification:Package 'ros_and_serial' with type 'ros.ament_cmake' and name 'ros_and_serial'
[1.020s] Level 1:colcon.colcon_core.package_identification:_identify(send_node) by extensions ['ignore', 'ignore_ament_install']
[1.021s] Level 1:colcon.colcon_core.package_identification:_identify(send_node) by extension 'ignore'
[1.021s] Level 1:colcon.colcon_core.package_identification:_identify(send_node) by extension 'ignore_ament_install'
[1.021s] Level 1:colcon.colcon_core.package_identification:_identify(send_node) by extensions ['colcon_pkg']
[1.021s] Level 1:colcon.colcon_core.package_identification:_identify(send_node) by extension 'colcon_pkg'
[1.022s] Level 1:colcon.colcon_core.package_identification:_identify(send_node) by extensions ['colcon_meta']
[1.022s] Level 1:colcon.colcon_core.package_identification:_identify(send_node) by extension 'colcon_meta'
[1.022s] Level 1:colcon.colcon_core.package_identification:_identify(send_node) by extensions ['ros']
[1.022s] Level 1:colcon.colcon_core.package_identification:_identify(send_node) by extension 'ros'
[1.025s] DEBUG:colcon.colcon_core.package_identification:Package 'send_node' with type 'ros.ament_cmake' and name 'send_node'
[1.025s] Level 1:colcon.colcon_core.package_identification:_identify(speech_ros2) by extensions ['ignore', 'ignore_ament_install']
[1.026s] Level 1:colcon.colcon_core.package_identification:_identify(speech_ros2) by extension 'ignore'
[1.026s] Level 1:colcon.colcon_core.package_identification:_identify(speech_ros2) by extension 'ignore_ament_install'
[1.026s] Level 1:colcon.colcon_core.package_identification:_identify(speech_ros2) by extensions ['colcon_pkg']
[1.026s] Level 1:colcon.colcon_core.package_identification:_identify(speech_ros2) by extension 'colcon_pkg'
[1.027s] Level 1:colcon.colcon_core.package_identification:_identify(speech_ros2) by extensions ['colcon_meta']
[1.027s] Level 1:colcon.colcon_core.package_identification:_identify(speech_ros2) by extension 'colcon_meta'
[1.027s] Level 1:colcon.colcon_core.package_identification:_identify(speech_ros2) by extensions ['ros']
[1.027s] Level 1:colcon.colcon_core.package_identification:_identify(speech_ros2) by extension 'ros'
[1.030s] DEBUG:colcon.colcon_core.package_identification:Package 'speech_ros2' with type 'ros.ament_cmake' and name 'speech_ros2'
[1.030s] Level 1:colcon.colcon_core.package_discovery:discover_packages(recursive) using defaults
[1.030s] Level 1:colcon.colcon_core.package_discovery:discover_packages(ignore) discover
[1.031s] Level 1:colcon.colcon_core.package_discovery:discover_packages(ignore) using defaults
[1.031s] Level 1:colcon.colcon_core.package_discovery:discover_packages(path) discover
[1.031s] Level 1:colcon.colcon_core.package_discovery:discover_packages(path) using defaults
[1.125s] INFO:colcon.colcon_core.package_selection:Skipping not selected package 'beeldverwerking' in 'Beeldverwerking'
[1.125s] INFO:colcon.colcon_core.package_selection:Skipping not selected package 'receive_node' in 'receive_node'
[1.125s] INFO:colcon.colcon_core.package_selection:Skipping not selected package 'ros_and_serial' in 'ros_and_serial'
[1.126s] INFO:colcon.colcon_core.package_selection:Skipping not selected package 'send_node' in 'send_node'
[1.126s] ERROR:colcon:colcon build: Duplicate package names not supported:
- speech_ros2:
  - Speech/ros2/speech_ros2
  - speech_ros2
